<?xml version="1.0" encoding="UTF-8"?>
<!-- Generated by org.testng.reporters.JUnitReportReporter -->
<testsuite skipped="0" hostname="Adels-MacBook-Pro.local" name="RestAssuredTCs.StaticJSON" tests="1" failures="0" timestamp="16 Aug 2020 23:10:12 GMT" time="1.809" errors="0">
  <testcase name="AddBookInLibraryAPI" time="1.809" classname="RestAssuredTCs.StaticJSON"/>
</testsuite> <!-- RestAssuredTCs.StaticJSON -->
