<?xml version="1.0" encoding="UTF-8"?>
<!-- Generated by org.testng.reporters.JUnitReportReporter -->
<testsuite skipped="0" hostname="Adels-MacBook-Pro.local" name="RestAssuredTCs.SerializeTest_Using_POJO" tests="1" failures="0" timestamp="22 Aug 2020 14:38:01 GMT" time="2.227" errors="0">
  <testcase name="AddPlaceAPI" time="2.227" classname="RestAssuredTCs.SerializeTest_Using_POJO"/>
</testsuite> <!-- RestAssuredTCs.SerializeTest_Using_POJO -->
