<?xml version="1.0" encoding="UTF-8"?>
<!-- Generated by org.testng.reporters.JUnitReportReporter -->
<testsuite skipped="0" hostname="Adels-MacBook-Pro.local" name="RestAssuredTCs.OAuth2Test" tests="1" failures="0" timestamp="19 Aug 2020 20:49:02 GMT" time="3.534" errors="0">
  <testcase name="TestOAuth2_Rahul" time="3.534" classname="RestAssuredTCs.OAuth2Test"/>
</testsuite> <!-- RestAssuredTCs.OAuth2Test -->
