<?xml version="1.0" encoding="UTF-8"?>
<!-- Generated by org.testng.reporters.JUnitReportReporter -->
<testsuite skipped="0" hostname="Adels-MacBook-Pro.local" name="RestAssuredTCs.DynamicJSON" tests="3" failures="0" timestamp="16 Aug 2020 22:39:44 GMT" time="2.539" errors="0">
  <testcase name="AddBookInLibraryAPI" time="0.419" classname="RestAssuredTCs.DynamicJSON"/>
  <testcase name="AddBookInLibraryAPI" time="1.680" classname="RestAssuredTCs.DynamicJSON"/>
  <testcase name="AddBookInLibraryAPI" time="0.440" classname="RestAssuredTCs.DynamicJSON"/>
</testsuite> <!-- RestAssuredTCs.DynamicJSON -->
