<?xml version="1.0" encoding="UTF-8"?>
<!-- Generated by org.testng.reporters.JUnitReportReporter -->
<testsuite skipped="0" hostname="Adels-MacBook-Pro.local" name="RestAssuredTCs.JiraApplication" tests="1" failures="0" timestamp="18 Aug 2020 15:15:06 GMT" time="2.623" errors="0">
  <testcase name="JiraTest" time="2.623" classname="RestAssuredTCs.JiraApplication"/>
</testsuite> <!-- RestAssuredTCs.JiraApplication -->
