<?xml version="1.0" encoding="UTF-8"?>
<!-- Generated by org.testng.reporters.JUnitReportReporter -->
<testsuite skipped="0" hostname="Adels-MacBook-Pro.local" name="RestAssuredTCs.SpecBuilderExample" tests="1" failures="0" timestamp="23 Aug 2020 17:06:24 GMT" time="10.902" errors="0">
  <testcase name="SpecBuilderAppPlaceAPI" time="10.902" classname="RestAssuredTCs.SpecBuilderExample"/>
</testsuite> <!-- RestAssuredTCs.SpecBuilderExample -->
