<?xml version="1.0" encoding="UTF-8"?>
<!-- Generated by org.testng.reporters.JUnitReportReporter -->
<testsuite skipped="0" hostname="Adels-MacBook-Pro.local" name="RestAssuredTCs.CheckXML" tests="3" failures="0" timestamp="30 Aug 2020 13:43:45 GMT" time="18.932" errors="0">
  <testcase name="testusingNormalparsing" time="1.735" classname="RestAssuredTCs.CheckXML"/>
  <testcase name="testusingXmlPathMethod" time="0.259" classname="RestAssuredTCs.CheckXML"/>
  <testcase name="bearerToken" time="16.938" classname="RestAssuredTCs.CheckXML"/>
</testsuite> <!-- RestAssuredTCs.CheckXML -->
